<?xml version="1.0" encoding="UTF-8"?>
<!-- Generated by org.testng.reporters.JUnitXMLReporter -->
<testsuite ignored="0" hostname="Balaji" failures="1" tests="3" name="Default test" time="34.55" errors="0" timestamp="2022-07-01T15:40:57 IST">
  <testcase classname="io.cucumber.testng.AbstractTestNGCucumberTests" name="runScenario" time="15.58">
    <failure type="java.lang.AssertionError" message="expected [My Info] but found [My Infeeo]">
      <![CDATA[java.lang.AssertionError: expected [My Info] but found [My Infeeo]
at org.testng.Assert.fail(Assert.java:110)
at org.testng.Assert.failNotEquals(Assert.java:1413)
at org.testng.Assert.assertEqualsImpl(Assert.java:149)
at org.testng.Assert.assertEquals(Assert.java:131)
at org.testng.Assert.assertEquals(Assert.java:655)
at org.testng.Assert.assertEquals(Assert.java:665)
at com.cgi.steps.LoginSteps.i_should_get_access_to_the_portal_with_page_content_as(LoginSteps.java:50)
at ✽.I should get access to the portal with page content as 'My Infeeo'(file:///D:/Mine/Company/CGI3/cucumber_workspace/OrangeAutomation_TestNG/src/test/resources/Feature/Login.feature:16)
]]>
    </failure>
  </testcase> <!-- runScenario -->
  <testcase classname="io.cucumber.testng.AbstractTestNGCucumberTests" name="runScenario" time="8.696"/>
  <testcase classname="io.cucumber.testng.AbstractTestNGCucumberTests" name="runScenario" time="8.473"/>
</testsuite> <!-- Default test -->
