<?xml version="1.0" encoding="UTF-8"?>
<testng-results ignored="0" total="4" passed="4" failed="0" skipped="0">
  <reporter-output>
  </reporter-output>
  <suite started-at="2022-07-01T15:50:27 IST" name="Orange HRM Suite" finished-at="2022-07-01T15:51:20 IST" duration-ms="52302">
    <groups>
      <group name="cucumber">
        <method signature="AbstractTestNGCucumberTests.runScenario(io.cucumber.testng.PickleWrapper,io.cucumber.testng.FeatureWrapper)[pri:0, instance:com.cgi.runner.RunnerTest@2a7f1f10]" name="runScenario" class="io.cucumber.testng.AbstractTestNGCucumberTests"/>
        <method signature="AbstractTestNGCucumberTests.runScenario(io.cucumber.testng.PickleWrapper,io.cucumber.testng.FeatureWrapper)[pri:0, instance:com.cgi.runner2.RunnerTest@15043a2f]" name="runScenario" class="io.cucumber.testng.AbstractTestNGCucumberTests"/>
      </group> <!-- cucumber -->
    </groups>
    <test started-at="2022-07-01T15:50:27 IST" name="Login Test" finished-at="2022-07-01T15:51:02 IST" duration-ms="35115">
      <class name="com.cgi.runner.RunnerTest">
        <test-method is-config="true" signature="setUpClass(org.testng.ITestContext)[pri:0, instance:com.cgi.runner.RunnerTest@2a7f1f10]" started-at="2022-07-01T15:50:27 IST" name="setUpClass" finished-at="2022-07-01T15:50:29 IST" duration-ms="1656" status="PASS">
          <params>
            <param index="0">
              <value>
                <![CDATA[org.testng.TestRunner@6b4a4e40]]>
              </value>
            </param>
          </params>
          <reporter-output>
          </reporter-output>
        </test-method> <!-- setUpClass -->
        <test-method signature="runScenario(io.cucumber.testng.PickleWrapper,io.cucumber.testng.FeatureWrapper)[pri:0, instance:com.cgi.runner.RunnerTest@2a7f1f10]" started-at="2022-07-01T15:50:29 IST" name="runScenario" description="Runs Cucumber Scenarios" data-provider="scenarios" finished-at="2022-07-01T15:50:44 IST" duration-ms="14836" status="PASS">
          <params>
            <param index="0">
              <value>
                <![CDATA["Valid Credential"]]>
              </value>
            </param>
            <param index="1">
              <value>
                <![CDATA["Login"]]>
              </value>
            </param>
          </params>
          <reporter-output>
          </reporter-output>
        </test-method> <!-- runScenario -->
        <test-method signature="runScenario(io.cucumber.testng.PickleWrapper,io.cucumber.testng.FeatureWrapper)[pri:0, instance:com.cgi.runner.RunnerTest@2a7f1f10]" started-at="2022-07-01T15:50:44 IST" name="runScenario" description="Runs Cucumber Scenarios" data-provider="scenarios" finished-at="2022-07-01T15:50:53 IST" duration-ms="9375" status="PASS">
          <params>
            <param index="0">
              <value>
                <![CDATA["Invalid Credential"]]>
              </value>
            </param>
            <param index="1">
              <value>
                <![CDATA["Login"]]>
              </value>
            </param>
          </params>
          <reporter-output>
          </reporter-output>
        </test-method> <!-- runScenario -->
        <test-method signature="runScenario(io.cucumber.testng.PickleWrapper,io.cucumber.testng.FeatureWrapper)[pri:0, instance:com.cgi.runner.RunnerTest@2a7f1f10]" started-at="2022-07-01T15:50:53 IST" name="runScenario" description="Runs Cucumber Scenarios" data-provider="scenarios" finished-at="2022-07-01T15:51:02 IST" duration-ms="9097" status="PASS">
          <params>
            <param index="0">
              <value>
                <![CDATA["Invalid Credential"]]>
              </value>
            </param>
            <param index="1">
              <value>
                <![CDATA["Login"]]>
              </value>
            </param>
          </params>
          <reporter-output>
          </reporter-output>
        </test-method> <!-- runScenario -->
        <test-method is-config="true" signature="tearDownClass()[pri:0, instance:com.cgi.runner.RunnerTest@2a7f1f10]" started-at="2022-07-01T15:51:02 IST" name="tearDownClass" finished-at="2022-07-01T15:51:02 IST" duration-ms="64" status="PASS">
          <reporter-output>
          </reporter-output>
        </test-method> <!-- tearDownClass -->
      </class> <!-- com.cgi.runner.RunnerTest -->
    </test> <!-- Login Test -->
    <test started-at="2022-07-01T15:51:02 IST" name="Emergency Contact Test" finished-at="2022-07-01T15:51:20 IST" duration-ms="17158">
      <class name="com.cgi.runner2.RunnerTest">
        <test-method is-config="true" signature="setUpClass(org.testng.ITestContext)[pri:0, instance:com.cgi.runner2.RunnerTest@15043a2f]" started-at="2022-07-01T15:51:02 IST" name="setUpClass" finished-at="2022-07-01T15:51:02 IST" duration-ms="58" status="PASS">
          <params>
            <param index="0">
              <value>
                <![CDATA[org.testng.TestRunner@46a8c2b4]]>
              </value>
            </param>
          </params>
          <reporter-output>
          </reporter-output>
        </test-method> <!-- setUpClass -->
        <test-method signature="runScenario(io.cucumber.testng.PickleWrapper,io.cucumber.testng.FeatureWrapper)[pri:0, instance:com.cgi.runner2.RunnerTest@15043a2f]" started-at="2022-07-01T15:51:02 IST" name="runScenario" description="Runs Cucumber Scenarios" data-provider="scenarios" finished-at="2022-07-01T15:51:20 IST" duration-ms="17054" status="PASS">
          <params>
            <param index="0">
              <value>
                <![CDATA["Add Emergency Contact"]]>
              </value>
            </param>
            <param index="1">
              <value>
                <![CDATA["Emergency Contact"]]>
              </value>
            </param>
          </params>
          <reporter-output>
          </reporter-output>
        </test-method> <!-- runScenario -->
        <test-method is-config="true" signature="tearDownClass()[pri:0, instance:com.cgi.runner2.RunnerTest@15043a2f]" started-at="2022-07-01T15:51:20 IST" name="tearDownClass" finished-at="2022-07-01T15:51:20 IST" duration-ms="39" status="PASS">
          <reporter-output>
          </reporter-output>
        </test-method> <!-- tearDownClass -->
      </class> <!-- com.cgi.runner2.RunnerTest -->
    </test> <!-- Emergency Contact Test -->
  </suite> <!-- Orange HRM Suite -->
</testng-results>
